2014/07/13 01:02:33 [error] [exception.CHttpException.404] exception 'CHttpException' with message 'The system is unable to find the requested action "relasi".' in C:\xampp\htdocs\Yii\framework\web\CController.php:483
Stack trace:
#0 C:\xampp\htdocs\Yii\framework\web\CController.php(270): CController->missingAction('relasi')
#1 C:\xampp\htdocs\Yii\framework\web\CWebApplication.php(282): CController->run('relasi')
#2 C:\xampp\htdocs\Yii\framework\web\CWebApplication.php(141): CWebApplication->runController('barang/relasi')
#3 C:\xampp\htdocs\Yii\framework\base\CApplication.php(180): CWebApplication->processRequest()
#4 C:\xampp\htdocs\tokoonline\index.php(13): CApplication->run()
#5 {main}
REQUEST_URI=/tokoonline/index.php?r=barang/relasi
HTTP_REFERER=http://localhost/tokoonline/index.php?r=barang
---
2014/07/13 01:02:40 [error] [exception.CHttpException.404] exception 'CHttpException' with message 'The system is unable to find the requested action "relasi".' in C:\xampp\htdocs\Yii\framework\web\CController.php:483
Stack trace:
#0 C:\xampp\htdocs\Yii\framework\web\CController.php(270): CController->missingAction('relasi')
#1 C:\xampp\htdocs\Yii\framework\web\CWebApplication.php(282): CController->run('relasi')
#2 C:\xampp\htdocs\Yii\framework\web\CWebApplication.php(141): CWebApplication->runController('barang/relasi')
#3 C:\xampp\htdocs\Yii\framework\base\CApplication.php(180): CWebApplication->processRequest()
#4 C:\xampp\htdocs\tokoonline\index.php(13): CApplication->run()
#5 {main}
REQUEST_URI=/tokoonline/index.php?r=barang/relasi
HTTP_REFERER=http://localhost/tokoonline/index.php?r=barang
---
2014/07/13 01:17:20 [error] [exception.CHttpException.404] exception 'CHttpException' with message 'The system is unable to find the requested action "relasi".' in C:\xampp\htdocs\Yii\framework\web\CController.php:483
Stack trace:
#0 C:\xampp\htdocs\Yii\framework\web\CController.php(270): CController->missingAction('relasi')
#1 C:\xampp\htdocs\Yii\framework\web\CWebApplication.php(282): CController->run('relasi')
#2 C:\xampp\htdocs\Yii\framework\web\CWebApplication.php(141): CWebApplication->runController('barang/relasi')
#3 C:\xampp\htdocs\Yii\framework\base\CApplication.php(180): CWebApplication->processRequest()
#4 C:\xampp\htdocs\tokoonline\index.php(13): CApplication->run()
#5 {main}
REQUEST_URI=/tokoonline/index.php?r=barang/relasi
HTTP_REFERER=http://localhost/tokoonline/index.php?r=barang/index
---
2014/07/13 17:25:40 [error] [exception.CHttpException.404] exception 'CHttpException' with message 'The system is unable to find the requested action "register".' in C:\xampp\htdocs\Yii\framework\web\CController.php:483
Stack trace:
#0 C:\xampp\htdocs\Yii\framework\web\CController.php(270): CController->missingAction('register')
#1 C:\xampp\htdocs\Yii\framework\web\CWebApplication.php(282): CController->run('register')
#2 C:\xampp\htdocs\Yii\framework\web\CWebApplication.php(141): CWebApplication->runController('user/register')
#3 C:\xampp\htdocs\Yii\framework\base\CApplication.php(180): CWebApplication->processRequest()
#4 C:\xampp\htdocs\tokoonline\index.php(13): CApplication->run()
#5 {main}
REQUEST_URI=/tokoonline/index.php?r=user/register
HTTP_REFERER=http://localhost/tokoonline/index.php?r=site/index
---
